TN:
SF:/Users/yangdada/Project/demo/nuxt/components/NetworkAnomaly.vue
FN:19,(anonymous_1)
FN:25,(anonymous_2)
FN:28,(anonymous_3)
FN:30,(anonymous_4)
FNF:4
FNH:0
FNDA:0,(anonymous_1)
FNDA:0,(anonymous_2)
FNDA:0,(anonymous_3)
FNDA:0,(anonymous_4)
DA:20,0
DA:26,0
DA:27,0
DA:28,0
DA:31,0
DA:32,0
DA:33,0
LF:7
LH:0
BRF:0
BRH:0
end_of_record
TN:
SF:/Users/yangdada/Project/demo/nuxt/components/menu.vue
FN:25,(anonymous_1)
FN:30,(anonymous_2)
FNF:2
FNH:0
FNDA:0,(anonymous_1)
FNDA:0,(anonymous_2)
DA:26,0
DA:31,0
LF:2
LH:0
BRF:0
BRH:0
end_of_record
TN:
SF:/Users/yangdada/Project/demo/nuxt/pages/index.vue
FN:43,(anonymous_2)
FN:50,(anonymous_3)
FN:54,(anonymous_4)
FNF:3
FNH:0
FNDA:0,(anonymous_2)
FNDA:0,(anonymous_3)
FNDA:0,(anonymous_4)
DA:35,0
DA:44,0
DA:51,0
DA:55,0
LF:4
LH:0
BRF:0
BRH:0
end_of_record
